# Logfile created on 2013-12-27 11:57:19 -0200 by logger.rb/44203
I, [2013-12-27T11:57:19.372498 #2587]  INFO -- : 0:  rake (10.1.1) from /Users/mikaelmorattocarrara/.rvm/gems/ruby-2.1.0/specifications/rake-10.1.1.gemspec
I, [2013-12-27T11:57:26.872807 #2587]  INFO -- : 0:  RedCloth (4.2.9) from /Users/mikaelmorattocarrara/.rvm/gems/ruby-2.1.0/specifications/RedCloth-4.2.9.gemspec
I, [2013-12-27T11:57:30.245130 #2587]  INFO -- : 0:  addressable (2.3.5) from /Users/mikaelmorattocarrara/.rvm/gems/ruby-2.1.0/specifications/addressable-2.3.5.gemspec
I, [2013-12-27T11:57:33.457840 #2587]  INFO -- : 0:  chunky_png (1.2.9) from /Users/mikaelmorattocarrara/.rvm/gems/ruby-2.1.0/specifications/chunky_png-1.2.9.gemspec
I, [2013-12-27T11:57:35.774792 #2587]  INFO -- : 0:  fast-stemmer (1.0.2) from /Users/mikaelmorattocarrara/.rvm/gems/ruby-2.1.0/specifications/fast-stemmer-1.0.2.gemspec
I, [2013-12-27T11:57:38.066504 #2587]  INFO -- : 0:  classifier (1.3.3) from /Users/mikaelmorattocarrara/.rvm/gems/ruby-2.1.0/specifications/classifier-1.3.3.gemspec
I, [2013-12-27T11:57:41.205016 #2587]  INFO -- : 0:  coderay (1.1.0) from /Users/mikaelmorattocarrara/.rvm/gems/ruby-2.1.0/specifications/coderay-1.1.0.gemspec
I, [2013-12-27T11:57:42.966554 #2587]  INFO -- : 0:  colorator (0.1) from /Users/mikaelmorattocarrara/.rvm/gems/ruby-2.1.0/specifications/colorator-0.1.gemspec
I, [2013-12-27T11:57:44.950952 #2587]  INFO -- : 0:  colored (1.2) from /Users/mikaelmorattocarrara/.rvm/gems/ruby-2.1.0/specifications/colored-1.2.gemspec
I, [2013-12-27T11:57:48.223186 #2587]  INFO -- : 0:  highline (1.6.19) from /Users/mikaelmorattocarrara/.rvm/gems/ruby-2.1.0/specifications/highline-1.6.19.gemspec
I, [2013-12-27T11:57:50.655783 #2587]  INFO -- : 0:  commander (4.1.4) from /Users/mikaelmorattocarrara/.rvm/gems/ruby-2.1.0/specifications/commander-4.1.4.gemspec
I, [2013-12-27T11:57:52.876852 #2587]  INFO -- : 0:  fssm (0.2.10) from /Users/mikaelmorattocarrara/.rvm/gems/ruby-2.1.0/specifications/fssm-0.2.10.gemspec
I, [2013-12-27T11:57:55.904976 #2587]  INFO -- : 0:  sass (3.1.15) from /Users/mikaelmorattocarrara/.rvm/gems/ruby-2.1.0/specifications/sass-3.1.15.gemspec
I, [2013-12-27T11:58:01.685598 #2587]  INFO -- : 0:  compass (0.12.2) from /Users/mikaelmorattocarrara/.rvm/gems/ruby-2.1.0/specifications/compass-0.12.2.gemspec
I, [2013-12-27T11:58:04.369080 #2587]  INFO -- : 0:  crack (0.3.2) from /Users/mikaelmorattocarrara/.rvm/gems/ruby-2.1.0/specifications/crack-0.3.2.gemspec
I, [2013-12-27T11:58:07.334694 #2587]  INFO -- : 0:  diff-lcs (1.2.5) from /Users/mikaelmorattocarrara/.rvm/gems/ruby-2.1.0/specifications/diff-lcs-1.2.5.gemspec
I, [2013-12-27T11:58:17.902781 #2587]  INFO -- : 0:  directory_watcher (1.4.1) from /Users/mikaelmorattocarrara/.rvm/gems/ruby-2.1.0/specifications/directory_watcher-1.4.1.gemspec
I, [2013-12-27T11:58:22.453318 #2587]  INFO -- : 0:  haml (3.1.4) from /Users/mikaelmorattocarrara/.rvm/gems/ruby-2.1.0/specifications/haml-3.1.4.gemspec
I, [2013-12-27T11:58:25.839229 #2587]  INFO -- : 0:  i18n (0.6.5) from /Users/mikaelmorattocarrara/.rvm/gems/ruby-2.1.0/specifications/i18n-0.6.5.gemspec
I, [2013-12-27T11:58:30.510104 #2587]  INFO -- : 0:  kramdown (1.0.2) from /Users/mikaelmorattocarrara/.rvm/gems/ruby-2.1.0/specifications/kramdown-1.0.2.gemspec
I, [2013-12-27T11:58:33.139809 #2587]  INFO -- : 0:  liquid (2.5.1) from /Users/mikaelmorattocarrara/.rvm/gems/ruby-2.1.0/specifications/liquid-2.5.1.gemspec
I, [2013-12-27T11:58:35.536750 #2587]  INFO -- : 0:  syntax (1.0.0) from /Users/mikaelmorattocarrara/.rvm/gems/ruby-2.1.0/specifications/syntax-1.0.0.gemspec
I, [2013-12-27T11:58:38.823301 #2587]  INFO -- : 0:  maruku (0.6.1) from /Users/mikaelmorattocarrara/.rvm/gems/ruby-2.1.0/specifications/maruku-0.6.1.gemspec
I, [2013-12-27T11:58:41.745530 #2587]  INFO -- : 0:  posix-spawn (0.3.6) from /Users/mikaelmorattocarrara/.rvm/gems/ruby-2.1.0/specifications/posix-spawn-0.3.6.gemspec
I, [2013-12-27T11:58:46.328537 #2587]  INFO -- : 0:  yajl-ruby (1.1.0) from /Users/mikaelmorattocarrara/.rvm/gems/ruby-2.1.0/specifications/yajl-ruby-1.1.0.gemspec
I, [2013-12-27T11:58:51.148297 #2587]  INFO -- : 0:  pygments.rb (0.5.2) from /Users/mikaelmorattocarrara/.rvm/gems/ruby-2.1.0/specifications/pygments.rb-0.5.2.gemspec
I, [2013-12-27T11:58:55.641434 #2587]  INFO -- : 0:  redcarpet (2.2.2) from /Users/mikaelmorattocarrara/.rvm/gems/ruby-2.1.0/specifications/redcarpet-2.2.2.gemspec
I, [2013-12-27T11:58:57.621658 #2587]  INFO -- : 0:  safe_yaml (0.7.1) from /Users/mikaelmorattocarrara/.rvm/gems/ruby-2.1.0/specifications/safe_yaml-0.7.1.gemspec
I, [2013-12-27T11:59:01.137912 #2587]  INFO -- : 0:  jekyll (1.1.2) from /Users/mikaelmorattocarrara/.rvm/gems/ruby-2.1.0/specifications/jekyll-1.1.2.gemspec
I, [2013-12-27T11:59:03.230586 #2587]  INFO -- : 0:  jekyll_ext (0.1.4) from /Users/mikaelmorattocarrara/.rvm/gems/ruby-2.1.0/specifications/jekyll_ext-0.1.4.gemspec
I, [2013-12-27T11:59:05.840445 #2587]  INFO -- : 0:  method_source (0.8.2) from /Users/mikaelmorattocarrara/.rvm/gems/ruby-2.1.0/specifications/method_source-0.8.2.gemspec
I, [2013-12-27T11:59:08.762963 #2587]  INFO -- : 0:  mini_portile (0.5.2) from /Users/mikaelmorattocarrara/.rvm/gems/ruby-2.1.0/specifications/mini_portile-0.5.2.gemspec
I, [2013-12-27T12:01:03.879929 #2587]  INFO -- : 0:  nokogiri (1.6.0) from /Users/mikaelmorattocarrara/.rvm/gems/ruby-2.1.0/specifications/nokogiri-1.6.0.gemspec
I, [2013-12-27T12:01:06.815333 #2587]  INFO -- : 0:  slop (3.4.7) from /Users/mikaelmorattocarrara/.rvm/gems/ruby-2.1.0/specifications/slop-3.4.7.gemspec
I, [2013-12-27T12:01:10.365021 #2587]  INFO -- : 0:  pry (0.9.12.4) from /Users/mikaelmorattocarrara/.rvm/gems/ruby-2.1.0/specifications/pry-0.9.12.4.gemspec
I, [2013-12-27T12:01:15.369026 #2587]  INFO -- : 0:  rdiscount (1.6.8) from /Users/mikaelmorattocarrara/.rvm/gems/ruby-2.1.0/specifications/rdiscount-1.6.8.gemspec
I, [2013-12-27T12:01:21.010657 #2587]  INFO -- : 0:  rspec-core (2.14.7) from /Users/mikaelmorattocarrara/.rvm/gems/ruby-2.1.0/specifications/rspec-core-2.14.7.gemspec
I, [2013-12-27T12:01:24.009453 #2587]  INFO -- : 0:  rspec-expectations (2.14.4) from /Users/mikaelmorattocarrara/.rvm/gems/ruby-2.1.0/specifications/rspec-expectations-2.14.4.gemspec
I, [2013-12-27T12:01:27.407854 #2587]  INFO -- : 0:  rspec-mocks (2.14.4) from /Users/mikaelmorattocarrara/.rvm/gems/ruby-2.1.0/specifications/rspec-mocks-2.14.4.gemspec
I, [2013-12-27T12:01:29.289519 #2587]  INFO -- : 0:  rspec (2.14.1) from /Users/mikaelmorattocarrara/.rvm/gems/ruby-2.1.0/specifications/rspec-2.14.1.gemspec
I, [2013-12-27T12:01:32.629528 #2587]  INFO -- : 0:  vcr (2.8.0) from /Users/mikaelmorattocarrara/.rvm/gems/ruby-2.1.0/specifications/vcr-2.8.0.gemspec
I, [2013-12-27T12:01:35.335986 #2587]  INFO -- : 0:  webmock (1.15.0) from /Users/mikaelmorattocarrara/.rvm/gems/ruby-2.1.0/specifications/webmock-1.15.0.gemspec
I, [2013-12-27T12:01:35.336430 #2587]  INFO -- : 0:  bundler (1.5.0) from /Users/mikaelmorattocarrara/.rvm/gems/ruby-2.1.0@global/specifications/bundler-1.5.0.gemspec
